2026-04-27 23:45:44,855  INFO      ======================================================================
2026-04-27 23:45:44,856  INFO        DISTRIBUTED EDGE COMPUTING SIMULATION
2026-04-27 23:45:44,856  INFO      ======================================================================
2026-04-27 23:45:44,857  INFO        Algorithms  : AES, ChaCha20, PRESENT, SPECK
2026-04-27 23:45:44,857  INFO        Scenarios  : Small Scale, Medium Scale, Large Scale
2026-04-27 23:45:44,857  INFO        Data size   : 102400 bytes total
2026-04-27 23:45:44,857  INFO      ======================================================================
2026-04-27 23:45:44,858  INFO      
============================================================
2026-04-27 23:45:44,858  INFO        SCENARIO: Small Scale
2026-04-27 23:45:44,858  INFO        Area=1.0 km2  Density=5.0 nodes/km2  N=5
2026-04-27 23:45:44,858  INFO        Single building / small factory floor
2026-04-27 23:45:44,858  INFO      ============================================================
2026-04-27 23:45:44,859  INFO        [AES] Scenario 'Small Scale': Area=1.0 km², Density=5.0 nodes/km², N=5 nodes
2026-04-27 23:45:48,694  INFO        [AES] OK  nodes=5  throughput=180.41 MB/s  avg_latency=6.281 ms  integrity=PASS
2026-04-27 23:45:48,694  INFO        [ChaCha20] Scenario 'Small Scale': Area=1.0 km², Density=5.0 nodes/km², N=5 nodes
2026-04-27 23:45:51,878  INFO        [ChaCha20] OK  nodes=5  throughput=135.90 MB/s  avg_latency=0.786 ms  integrity=PASS
2026-04-27 23:45:51,878  INFO        [PRESENT] Scenario 'Small Scale': Area=1.0 km², Density=5.0 nodes/km², N=5 nodes
2026-04-27 23:46:05,585  INFO        [PRESENT] OK  nodes=5  throughput=0.05 MB/s  avg_latency=2075.895 ms  integrity=PASS
2026-04-27 23:46:05,585  INFO        [SPECK] Scenario 'Small Scale': Area=1.0 km², Density=5.0 nodes/km², N=5 nodes
2026-04-27 23:46:09,271  INFO        [SPECK] OK  nodes=5  throughput=1.19 MB/s  avg_latency=82.889 ms  integrity=PASS
2026-04-27 23:46:09,272  INFO      
============================================================
2026-04-27 23:46:09,272  INFO        SCENARIO: Medium Scale
2026-04-27 23:46:09,272  INFO        Area=10.0 km2  Density=10.0 nodes/km2  N=100
2026-04-27 23:46:09,272  INFO        Campus / industrial park
2026-04-27 23:46:09,272  INFO      ============================================================
2026-04-27 23:46:09,272  INFO        [AES] Scenario 'Medium Scale': Area=10.0 km², Density=10.0 nodes/km², N=100 nodes
2026-04-27 23:46:17,600  INFO        [AES] OK  nodes=100  throughput=238.32 MB/s  avg_latency=4.745 ms  integrity=PASS
2026-04-27 23:46:17,601  INFO        [ChaCha20] Scenario 'Medium Scale': Area=10.0 km², Density=10.0 nodes/km², N=100 nodes
2026-04-27 23:46:26,032  INFO        [ChaCha20] OK  nodes=100  throughput=431.90 MB/s  avg_latency=0.353 ms  integrity=PASS
2026-04-27 23:46:26,033  INFO        [PRESENT] Scenario 'Medium Scale': Area=10.0 km², Density=10.0 nodes/km², N=100 nodes
2026-04-27 23:46:41,760  INFO        [PRESENT] OK  nodes=100  throughput=0.63 MB/s  avg_latency=158.396 ms  integrity=PASS
2026-04-27 23:46:41,761  INFO        [SPECK] Scenario 'Medium Scale': Area=10.0 km², Density=10.0 nodes/km², N=100 nodes
2026-04-27 23:46:50,671  INFO        [SPECK] OK  nodes=100  throughput=14.29 MB/s  avg_latency=7.755 ms  integrity=PASS
2026-04-27 23:46:50,672  INFO      
============================================================
2026-04-27 23:46:50,672  INFO        SCENARIO: Large Scale
2026-04-27 23:46:50,672  INFO        Area=100.0 km2  Density=10.0 nodes/km2  N=1000
2026-04-27 23:46:50,672  INFO        City district / smart-city deployment
2026-04-27 23:46:50,672  INFO      ============================================================
2026-04-27 23:46:50,672  INFO        [AES] Scenario 'Large Scale': Area=100.0 km², Density=10.0 nodes/km², N=1000 nodes
2026-04-27 23:47:10,558  INFO        [AES] OK  nodes=1000  throughput=280.39 MB/s  avg_latency=0.804 ms  integrity=PASS
2026-04-27 23:47:10,558  INFO        [ChaCha20] Scenario 'Large Scale': Area=100.0 km², Density=10.0 nodes/km², N=1000 nodes
2026-04-27 23:47:29,603  INFO        [ChaCha20] OK  nodes=1000  throughput=492.28 MB/s  avg_latency=0.299 ms  integrity=PASS
2026-04-27 23:47:29,604  INFO        [PRESENT] Scenario 'Large Scale': Area=100.0 km², Density=10.0 nodes/km², N=1000 nodes
2026-04-27 23:47:52,317  INFO        [PRESENT] OK  nodes=1000  throughput=5.99 MB/s  avg_latency=18.097 ms  integrity=PASS
2026-04-27 23:47:52,317  INFO        [SPECK] Scenario 'Large Scale': Area=100.0 km², Density=10.0 nodes/km², N=1000 nodes
2026-04-27 23:48:21,557  INFO        [SPECK] OK  nodes=1000  throughput=123.92 MB/s  avg_latency=0.961 ms  integrity=PASS
2026-04-27 23:48:21,557  INFO      
  Total simulation time: 156.70s
2026-04-27 23:48:21,587  INFO        [FILE] Summary results saved to results\distributed\distributed_results.json
2026-04-27 23:48:21,667  INFO        [FILE] Per-node results saved to results\distributed\distributed_results.csv
